<?xml version="1.0" encoding="UTF-8"?>
<testng-results ignored="0" total="8" passed="8" failed="0" skipped="0">
  <reporter-output>
  </reporter-output>
  <suite started-at="2022-01-17T10:55:51Z" name="Suite" finished-at="2022-01-17T10:58:28Z" duration-ms="156851">
    <groups>
      <group name="cucumber">
        <method signature="AbstractTestNGCucumberTests.runScenario(io.cucumber.testng.PickleWrapper, io.cucumber.testng.FeatureWrapper)[pri:0, instance:cucumberOptions.TestRunner@1984b1f]" name="runScenario" class="io.cucumber.testng.AbstractTestNGCucumberTests"/>
      </group> <!-- cucumber -->
    </groups>
    <test started-at="2022-01-17T10:55:51Z" name="Test" finished-at="2022-01-17T10:58:28Z" duration-ms="156851">
      <class name="cucumberOptions.TestRunner">
        <test-method is-config="true" signature="setUpClass(org.testng.ITestContext)[pri:0, instance:cucumberOptions.TestRunner@1984b1f]" started-at="2022-01-17T10:55:51Z" name="setUpClass" finished-at="2022-01-17T10:55:51Z" duration-ms="501" status="PASS">
          <params>
            <param index="0">
              <value>
                <![CDATA[org.testng.TestRunner@7d32e714]]>
              </value>
            </param>
          </params>
          <reporter-output>
          </reporter-output>
        </test-method> <!-- setUpClass -->
        <test-method signature="runScenario(io.cucumber.testng.PickleWrapper, io.cucumber.testng.FeatureWrapper)[pri:0, instance:cucumberOptions.TestRunner@1984b1f]" started-at="2022-01-17T10:55:51Z" name="runScenario" description="Runs Cucumber Scenarios" data-provider="scenarios" finished-at="2022-01-17T10:56:08Z" duration-ms="16381" status="PASS">
          <params>
            <param index="0">
              <value>
                <![CDATA["Registation"]]>
              </value>
            </param>
            <param index="1">
              <value>
                <![CDATA["Optional[Testing Savaari.com]"]]>
              </value>
            </param>
          </params>
          <reporter-output>
          </reporter-output>
        </test-method> <!-- runScenario -->
        <test-method signature="runScenario(io.cucumber.testng.PickleWrapper, io.cucumber.testng.FeatureWrapper)[pri:0, instance:cucumberOptions.TestRunner@1984b1f]" started-at="2022-01-17T10:56:08Z" name="runScenario" description="Runs Cucumber Scenarios" data-provider="scenarios" finished-at="2022-01-17T10:56:22Z" duration-ms="14623" status="PASS">
          <params>
            <param index="0">
              <value>
                <![CDATA["Positive test validating login"]]>
              </value>
            </param>
            <param index="1">
              <value>
                <![CDATA["Optional[Testing Savaari.com]"]]>
              </value>
            </param>
          </params>
          <reporter-output>
          </reporter-output>
        </test-method> <!-- runScenario -->
        <test-method signature="runScenario(io.cucumber.testng.PickleWrapper, io.cucumber.testng.FeatureWrapper)[pri:0, instance:cucumberOptions.TestRunner@1984b1f]" started-at="2022-01-17T10:56:22Z" name="runScenario" description="Runs Cucumber Scenarios" data-provider="scenarios" finished-at="2022-01-17T10:56:49Z" duration-ms="26809" status="PASS">
          <params>
            <param index="0">
              <value>
                <![CDATA["Car check for local"]]>
              </value>
            </param>
            <param index="1">
              <value>
                <![CDATA["Optional[Testing Savaari.com]"]]>
              </value>
            </param>
          </params>
          <reporter-output>
          </reporter-output>
        </test-method> <!-- runScenario -->
        <test-method signature="runScenario(io.cucumber.testng.PickleWrapper, io.cucumber.testng.FeatureWrapper)[pri:0, instance:cucumberOptions.TestRunner@1984b1f]" started-at="2022-01-17T10:56:49Z" name="runScenario" description="Runs Cucumber Scenarios" data-provider="scenarios" finished-at="2022-01-17T10:57:14Z" duration-ms="24890" status="PASS">
          <params>
            <param index="0">
              <value>
                <![CDATA["Manage Bookings"]]>
              </value>
            </param>
            <param index="1">
              <value>
                <![CDATA["Optional[Testing Savaari.com]"]]>
              </value>
            </param>
          </params>
          <reporter-output>
          </reporter-output>
        </test-method> <!-- runScenario -->
        <test-method signature="runScenario(io.cucumber.testng.PickleWrapper, io.cucumber.testng.FeatureWrapper)[pri:0, instance:cucumberOptions.TestRunner@1984b1f]" started-at="2022-01-17T10:57:14Z" name="runScenario" description="Runs Cucumber Scenarios" data-provider="scenarios" finished-at="2022-01-17T10:57:32Z" duration-ms="17837" status="PASS">
          <params>
            <param index="0">
              <value>
                <![CDATA["Account Update"]]>
              </value>
            </param>
            <param index="1">
              <value>
                <![CDATA["Optional[Testing Savaari.com]"]]>
              </value>
            </param>
          </params>
          <reporter-output>
          </reporter-output>
        </test-method> <!-- runScenario -->
        <test-method signature="runScenario(io.cucumber.testng.PickleWrapper, io.cucumber.testng.FeatureWrapper)[pri:0, instance:cucumberOptions.TestRunner@1984b1f]" started-at="2022-01-17T10:57:32Z" name="runScenario" description="Runs Cucumber Scenarios" data-provider="scenarios" finished-at="2022-01-17T10:57:41Z" duration-ms="8996" status="PASS">
          <params>
            <param index="0">
              <value>
                <![CDATA["Trip Advisor"]]>
              </value>
            </param>
            <param index="1">
              <value>
                <![CDATA["Optional[Testing Savaari.com]"]]>
              </value>
            </param>
          </params>
          <reporter-output>
          </reporter-output>
        </test-method> <!-- runScenario -->
        <test-method signature="runScenario(io.cucumber.testng.PickleWrapper, io.cucumber.testng.FeatureWrapper)[pri:0, instance:cucumberOptions.TestRunner@1984b1f]" started-at="2022-01-17T10:57:41Z" name="runScenario" description="Runs Cucumber Scenarios" data-provider="scenarios" finished-at="2022-01-17T10:57:59Z" duration-ms="18213" status="PASS">
          <params>
            <param index="0">
              <value>
                <![CDATA["App Download"]]>
              </value>
            </param>
            <param index="1">
              <value>
                <![CDATA["Optional[Testing Savaari.com]"]]>
              </value>
            </param>
          </params>
          <reporter-output>
          </reporter-output>
        </test-method> <!-- runScenario -->
        <test-method signature="runScenario(io.cucumber.testng.PickleWrapper, io.cucumber.testng.FeatureWrapper)[pri:0, instance:cucumberOptions.TestRunner@1984b1f]" started-at="2022-01-17T10:57:59Z" name="runScenario" description="Runs Cucumber Scenarios" data-provider="scenarios" finished-at="2022-01-17T10:58:28Z" duration-ms="28521" status="PASS">
          <params>
            <param index="0">
              <value>
                <![CDATA["User Log Out"]]>
              </value>
            </param>
            <param index="1">
              <value>
                <![CDATA["Optional[Testing Savaari.com]"]]>
              </value>
            </param>
          </params>
          <reporter-output>
          </reporter-output>
        </test-method> <!-- runScenario -->
        <test-method is-config="true" signature="tearDownClass()[pri:0, instance:cucumberOptions.TestRunner@1984b1f]" started-at="2022-01-17T10:58:28Z" name="tearDownClass" finished-at="2022-01-17T10:58:28Z" duration-ms="14" status="PASS">
          <reporter-output>
          </reporter-output>
        </test-method> <!-- tearDownClass -->
      </class> <!-- cucumberOptions.TestRunner -->
    </test> <!-- Test -->
  </suite> <!-- Suite -->
</testng-results>
