<?xml version="1.0" encoding="UTF-8"?>
<!-- Generated by org.testng.reporters.JUnitXMLReporter -->
<testsuite ignored="0" hostname="DESKTOP-IV7DQAN" failures="1" tests="1" name="validating title" time="15.34" errors="0" timestamp="23 Dec 2021 03:59:03 GMT">
  <testcase classname="Academy.validateTitle" name="basePageNavigation" time="0.123">
    <failure type="java.lang.AssertionError" message="expected [rediff.com] but found []">
      <![CDATA[java.lang.AssertionError: expected [rediff.com] but found []
at Academy.validateTitle.basePageNavigation(validateTitle.java:25)
... Removed 31 stack frames]]>
    </failure>
  </testcase> <!-- basePageNavigation -->
</testsuite> <!-- validating title -->
